            {
                "_index": ".ds-winlogbeat-8.17.4-2025.03.26-000001",
                "_id": "ew34GJYBZtu3qb7koTwh",
                "_score": 1.0,
                "_source": {
                    "agent": {
                        "name": "Rutu",
                        "id": "3ad48d5f-fa93-4b64-86d7-42f3203fc5bc",
                        "type": "winlogbeat",
                        "ephemeral_id": "12ccbbb2-2910-4801-9e33-c06aa319b6e7",
                        "version": "8.17.4"
                    },
                    "process": {
                        "name": "chrome.exe",
                        "pid": 9892,
                        "entity_id": "{0c3d8327-01c0-67f6-cb54-000000001300}",
                        "executable": "C:\\Program Files\\Google\\Chrome\\Application\\chrome.exe"
                    },
                    "@timestamp": "2025-04-09T05:14:19.916Z",
                    "winlog": {
                        "computer_name": "Rutu",
                        "process": {
                            "pid": 5768,
                            "thread": {
                                "id": 7676
                            }
                        },
                        "channel": "Microsoft-Windows-Sysmon/Operational",
                        "opcode": "Info",
                        "version": 3,
                        "record_id": "63927",
                        "event_id": "5",
                        "task": "Process terminated (rule: ProcessTerminate)",
                        "provider_guid": "{5770385f-c22a-43e0-bf4c-06f5698ffbd9}",
                        "api": "wineventlog",
                        "provider_name": "Microsoft-Windows-Sysmon",
                        "user": {
                            "identifier": "S-1-5-18",
                            "domain": "NT AUTHORITY",
                            "name": "SYSTEM",
                            "type": "User"
                        }
                    },
                    "ecs": {
                        "version": "8.17.0"
                    },
                    "related": {
                        "user": [
                            "bagul"
                        ]
                    },
                    "log": {
                        "level": "information"
                    },
                    "host": {
                        "hostname": "Rutu",
                        "os": {
                            "build": "26100.3624",
                            "kernel": "10.0.26100.3624 (WinBuild.160101.0800)",
                            "name": "Windows 11 Home Single Language",
                            "type": "windows",
                            "family": "windows",
                            "version": "10.0",
                            "platform": "windows"
                        },
                        "ip": [
                            "fe80::55f0:c932:6663:73ea",
                            "169.254.164.58",
                            "fe80::4ac:ff14:96d4:9df",
                            "169.254.30.83",
                            "fe80::3145:98c1:4f1c:6335",
                            "169.254.50.69",
                            "fe80::64e1:c8dd:5356:c175",
                            "10.6.9.15",
                            "fe80::c973:d583:c0f6:30dc",
                            "192.168.137.1"
                        ],
                        "name": "rutu",
                        "id": "0c3d8327-75c7-4af9-a536-dd6fdc236ef1",
                        "mac": [
                            "00-FF-EE-C8-47-CB",
                            "30-89-4A-CC-0C-FE",
                            "30-89-4A-CC-0C-FF",
                            "32-89-4A-CC-0C-FE"
                        ],
                        "architecture": "x86_64"
                    },
                    "message": "Process terminated:\nRuleName: -\nUtcTime: 2025-04-09 05:14:19.916\nProcessGuid: {0c3d8327-01c0-67f6-cb54-000000001300}\nProcessId: 9892\nImage: C:\\Program Files\\Google\\Chrome\\Application\\chrome.exe\nUser: Rutu\\bagul",
                    "event": {
                        "ingested": "2025-04-09T05:14:29.535297200Z",
                        "code": "5",
                        "provider": "Microsoft-Windows-Sysmon",
                        "kind": "event",
                        "created": "2025-04-09T05:14:20.374Z",
                        "module": "sysmon",
                        "action": "Process terminated",
                        "category": [
                            "process"
                        ],
                        "type": [
                            "end"
                        ]
                    },
                    "user": {
                        "domain": "Rutu",
                        "name": "bagul",
                        "id": "S-1-5-18"
                    }
                }
            },
            {
                "_index": ".ds-winlogbeat-8.17.4-2025.03.26-000001",
                "_id": "fA34GJYBZtu3qb7koTwh",
                "_score": 1.0,
                "_source": {
                    "agent": {
                        "name": "Rutu",
                        "id": "3ad48d5f-fa93-4b64-86d7-42f3203fc5bc",
                        "type": "winlogbeat",
                        "ephemeral_id": "12ccbbb2-2910-4801-9e33-c06aa319b6e7",
                        "version": "8.17.4"
                    },
                    "process": {
                        "name": "chrome.exe",
                        "pid": 22124,
                        "entity_id": "{0c3d8327-01ed-67f6-d154-000000001300}",
                        "executable": "C:\\Program Files\\Google\\Chrome\\Application\\chrome.exe"
                    },
                    "@timestamp": "2025-04-09T05:14:19.917Z",
                    "winlog": {
                        "computer_name": "Rutu",
                        "process": {
                            "pid": 5768,
                            "thread": {
                                "id": 7676
                            }
                        },
                        "channel": "Microsoft-Windows-Sysmon/Operational",
                        "opcode": "Info",
                        "version": 3,
                        "record_id": "63928",
                        "event_id": "5",
                        "task": "Process terminated (rule: ProcessTerminate)",
                        "provider_guid": "{5770385f-c22a-43e0-bf4c-06f5698ffbd9}",
                        "api": "wineventlog",
                        "provider_name": "Microsoft-Windows-Sysmon",
                        "user": {
                            "identifier": "S-1-5-18",
                            "domain": "NT AUTHORITY",
                            "name": "SYSTEM",
                            "type": "User"
                        }
                    },
                    "ecs": {
                        "version": "8.17.0"
                    },
                    "related": {
                        "user": [
                            "bagul"
                        ]
                    },
                    "log": {
                        "level": "information"
                    },
                    "host": {
                        "hostname": "Rutu",
                        "os": {
                            "build": "26100.3624",
                            "kernel": "10.0.26100.3624 (WinBuild.160101.0800)",
                            "name": "Windows 11 Home Single Language",
                            "family": "windows",
                            "type": "windows",
                            "version": "10.0",
                            "platform": "windows"
                        },
                        "ip": [
                            "fe80::55f0:c932:6663:73ea",
                            "169.254.164.58",
                            "fe80::4ac:ff14:96d4:9df",
                            "169.254.30.83",
                            "fe80::3145:98c1:4f1c:6335",
                            "169.254.50.69",
                            "fe80::64e1:c8dd:5356:c175",
                            "10.6.9.15",
                            "fe80::c973:d583:c0f6:30dc",
                            "192.168.137.1"
                        ],
                        "name": "rutu",
                        "id": "0c3d8327-75c7-4af9-a536-dd6fdc236ef1",
                        "mac": [
                            "00-FF-EE-C8-47-CB",
                            "30-89-4A-CC-0C-FE",
                            "30-89-4A-CC-0C-FF",
                            "32-89-4A-CC-0C-FE"
                        ],
                        "architecture": "x86_64"
                    },
                    "event": {
                        "ingested": "2025-04-09T05:14:29.535297200Z",
                        "code": "5",
                        "provider": "Microsoft-Windows-Sysmon",
                        "created": "2025-04-09T05:14:20.374Z",
                        "kind": "event",
                        "module": "sysmon",
                        "action": "Process terminated",
                        "category": [
                            "process"
                        ],
                        "type": [
                            "end"
                        ]
                    },
                    "message": "Process terminated:\nRuleName: -\nUtcTime: 2025-04-09 05:14:19.917\nProcessGuid: {0c3d8327-01ed-67f6-d154-000000001300}\nProcessId: 22124\nImage: C:\\Program Files\\Google\\Chrome\\Application\\chrome.exe\nUser: Rutu\\bagul",
                    "user": {
                        "domain": "Rutu",
                        "name": "bagul",
                        "id": "S-1-5-18"
                    }
                }
            },
            {
                "_index": ".ds-winlogbeat-8.17.4-2025.03.26-000001",
                "_id": "fQ34GJYBZtu3qb7koTwh",
                "_score": 1.0,
                "_source": {
                    "agent": {
                        "name": "Rutu",
                        "id": "3ad48d5f-fa93-4b64-86d7-42f3203fc5bc",
                        "type": "winlogbeat",
                        "ephemeral_id": "12ccbbb2-2910-4801-9e33-c06aa319b6e7",
                        "version": "8.17.4"
                    },
                    "@timestamp": "2025-04-09T05:14:20.806Z",
                    "winlog": {
                        "computer_name": "Rutu",
                        "record_id": 110757,
                        "process": {
                            "pid": 2268
                        },
                        "event_id": "16394",
                        "task": "None",
                        "keywords": [
                            "Classic"
                        ],
                        "provider_guid": "{E23B33B0-C8C9-472C-A5F9-F2BDFEA0F156}",
                        "channel": "Application",
                        "api": "wineventlog",
                        "opcode": "Info",
                        "provider_name": "Microsoft-Windows-Security-SPP"
                    },
                    "ecs": {
                        "version": "8.0.0"
                    },
                    "log": {
                        "level": "information"
                    },
                    "host": {
                        "hostname": "Rutu",
                        "os": {
                            "build": "26100.3624",
                            "kernel": "10.0.26100.3624 (WinBuild.160101.0800)",
                            "name": "Windows 11 Home Single Language",
                            "family": "windows",
                            "type": "windows",
                            "version": "10.0",
                            "platform": "windows"
                        },
                        "ip": [
                            "fe80::55f0:c932:6663:73ea",
                            "169.254.164.58",
                            "fe80::4ac:ff14:96d4:9df",
                            "169.254.30.83",
                            "fe80::3145:98c1:4f1c:6335",
                            "169.254.50.69",
                            "fe80::64e1:c8dd:5356:c175",
                            "10.6.9.15",
                            "fe80::c973:d583:c0f6:30dc",
                            "192.168.137.1"
                        ],
                        "name": "rutu",
                        "id": "0c3d8327-75c7-4af9-a536-dd6fdc236ef1",
                        "mac": [
                            "00-FF-EE-C8-47-CB",
                            "30-89-4A-CC-0C-FE",
                            "30-89-4A-CC-0C-FF",
                            "32-89-4A-CC-0C-FE"
                        ],
                        "architecture": "x86_64"
                    },
                    "message": "Offline downlevel migration succeeded.",
                    "event": {
                        "ingested": "2025-04-09T05:14:29.536296700Z",
                        "code": "16394",
                        "provider": "Microsoft-Windows-Security-SPP",
                        "created": "2025-04-09T05:14:21.094Z",
                        "kind": "event",
                        "action": "None"
                    }
                }
            },
            {
                "_index": ".ds-winlogbeat-8.17.4-2025.03.26-000001",
                "_id": "fg34GJYBZtu3qb7koTwh",
                "_score": 1.0,
                "_source": {
                    "agent": {
                        "name": "Rutu",
                        "id": "3ad48d5f-fa93-4b64-86d7-42f3203fc5bc",
                        "type": "winlogbeat",
                        "ephemeral_id": "12ccbbb2-2910-4801-9e33-c06aa319b6e7",
                        "version": "8.17.4"
                    },
                    "process": {
                        "args": [
                            "C:\\WINDOWS\\system32\\sppsvc.exe"
                        ],
                        "parent": {
                            "args": [
                                "C:\\WINDOWS\\system32\\services.exe"
                            ],
                            "name": "services.exe",
                            "pid": 1196,
                            "args_count": 1,
                            "entity_id": "{0c3d8327-125e-67e8-0b00-000000001300}",
                            "executable": "C:\\Windows\\System32\\services.exe",
                            "command_line": "C:\\WINDOWS\\system32\\services.exe"
                        },
                        "pe": {
                            "file_version": "10.0.26100.3624 (WinBuild.160101.0800)",
                            "product": "Microsoft\u00ae Windows\u00ae Operating System",
                            "description": "Microsoft Software Protection Platform Service",
                            "original_file_name": "sppsvc.exe",
                            "company": "Microsoft Corporation"
                        },
                        "name": "sppsvc.exe",
                        "pid": 2268,
                        "working_directory": "C:\\WINDOWS",
                        "args_count": 1,
                        "entity_id": "{0c3d8327-022c-67f6-d854-000000001300}",
                        "hash": {
                            "sha256": "664ff7aaa11ed91ce9538b8c7c25e8bfdcfd4afc62014b0e30e599a128730476"
                        },
                        "executable": "C:\\Windows\\System32\\sppsvc.exe",
                        "command_line": "C:\\WINDOWS\\system32\\sppsvc.exe"
                    },
                    "@timestamp": "2025-04-09T05:14:20.486Z",
                    "winlog": {
                        "computer_name": "Rutu",
                        "process": {
                            "pid": 5768,
                            "thread": {
                                "id": 7676
                            }
                        },
                        "channel": "Microsoft-Windows-Sysmon/Operational",
                        "event_data": {
                            "Company": "Microsoft Corporation",
                            "LogonGuid": "{0c3d8327-125f-67e8-e403-000000000000}",
                            "Description": "Microsoft Software Protection Platform Service",
                            "IntegrityLevel": "System",
                            "TerminalSessionId": "0",
                            "ParentUser": "NT AUTHORITY\\SYSTEM",
                            "Product": "Microsoft\u00ae Windows\u00ae Operating System",
                            "FileVersion": "10.0.26100.3624 (WinBuild.160101.0800)",
                            "LogonId": "0x3e4"
                        },
                        "opcode": "Info",
                        "version": 5,
                        "record_id": "63929",
                        "event_id": "1",
                        "task": "Process terminated (rule: ProcessTerminate)",
                        "provider_guid": "{5770385f-c22a-43e0-bf4c-06f5698ffbd9}",
                        "api": "wineventlog",
                        "provider_name": "Microsoft-Windows-Sysmon",
                        "user": {
                            "identifier": "S-1-5-18",
                            "domain": "NT AUTHORITY",
                            "name": "SYSTEM",
                            "type": "User"
                        }
                    },
                    "ecs": {
                        "version": "8.17.0"
                    },
                    "related": {
                        "user": [
                            "NETWORK SERVICE"
                        ],
                        "hash": [
                            "664ff7aaa11ed91ce9538b8c7c25e8bfdcfd4afc62014b0e30e599a128730476"
                        ]
                    },
                    "log": {
                        "level": "information"
                    },
                    "host": {
                        "hostname": "Rutu",
                        "os": {
                            "build": "26100.3624",
                            "kernel": "10.0.26100.3624 (WinBuild.160101.0800)",
                            "name": "Windows 11 Home Single Language",
                            "family": "windows",
                            "type": "windows",
                            "version": "10.0",
                            "platform": "windows"
                        },
                        "ip": [
                            "fe80::55f0:c932:6663:73ea",
                            "169.254.164.58",
                            "fe80::4ac:ff14:96d4:9df",
                            "169.254.30.83",
                            "fe80::3145:98c1:4f1c:6335",
                            "169.254.50.69",
                            "fe80::64e1:c8dd:5356:c175",
                            "10.6.9.15",
                            "fe80::c973:d583:c0f6:30dc",
                            "192.168.137.1"
                        ],
                        "name": "rutu",
                        "id": "0c3d8327-75c7-4af9-a536-dd6fdc236ef1",
                        "mac": [
                            "00-FF-EE-C8-47-CB",
                            "30-89-4A-CC-0C-FE",
                            "30-89-4A-CC-0C-FF",
                            "32-89-4A-CC-0C-FE"
                        ],
                        "architecture": "x86_64"
                    },
                    "event": {
                        "ingested": "2025-04-09T05:14:29.536296700Z",
                        "code": "1",
                        "provider": "Microsoft-Windows-Sysmon",
                        "created": "2025-04-09T05:14:22.495Z",
                        "kind": "event",
                        "module": "sysmon",
                        "action": "Process creation",
                        "category": [
                            "process"
                        ],
                        "type": [
                            "start"
                        ]
                    },
                    "message": "Process Create:\nRuleName: -\nUtcTime: 2025-04-09 05:14:20.486\nProcessGuid: {0c3d8327-022c-67f6-d854-000000001300}\nProcessId: 2268\nImage: C:\\Windows\\System32\\sppsvc.exe\nFileVersion: 10.0.26100.3624 (WinBuild.160101.0800)\nDescription: Microsoft Software Protection Platform Service\nProduct: Microsoft\u00ae Windows\u00ae Operating System\nCompany: Microsoft Corporation\nOriginalFileName: sppsvc.exe\nCommandLine: C:\\WINDOWS\\system32\\sppsvc.exe\nCurrentDirectory: C:\\WINDOWS\nUser: NT AUTHORITY\\NETWORK SERVICE\nLogonGuid: {0c3d8327-125f-67e8-e403-000000000000}\nLogonId: 0x3E4\nTerminalSessionId: 0\nIntegrityLevel: System\nHashes: SHA256=664FF7AAA11ED91CE9538B8C7C25E8BFDCFD4AFC62014B0E30E599A128730476\nParentProcessGuid: {0c3d8327-125e-67e8-0b00-000000001300}\nParentProcessId: 1196\nParentImage: C:\\Windows\\System32\\services.exe\nParentCommandLine: C:\\WINDOWS\\system32\\services.exe\nParentUser: NT AUTHORITY\\SYSTEM",
                    "user": {
                        "domain": "NT AUTHORITY",
                        "name": "NETWORK SERVICE",
                        "id": "S-1-5-18"
                    }
                }
            }
        ]
    }
}